<?xml version="1.0" encoding="UTF-8"?>
<!-- Generated by org.testng.reporters.JUnitReportReporter -->
<testsuite hostname="C100414" failures="0" tests="1" name="samples.FirstTest" time="0.009" errors="0" timestamp="2020-01-20T10:23:51 EET" skipped="0">
  <testcase classname="samples.FirstTest" name="first" time="0.009"/>
</testsuite> <!-- samples.FirstTest -->
